#
# There is insufficient memory for the Java Runtime Environment to continue.
# Native memory allocation (malloc) failed to allocate 1048576 bytes for AllocateHeap
# Possible reasons:
#   The system is out of physical RAM or swap space
#   The process is running with CompressedOops enabled, and the Java Heap may be blocking the growth of the native heap
# Possible solutions:
#   Reduce memory load on the system
#   Increase physical memory or swap space
#   Check if swap backing store is full
#   Decrease Java heap size (-Xmx/-Xms)
#   Decrease number of Java threads
#   Decrease Java thread stack sizes (-Xss)
#   Set larger code cache with -XX:ReservedCodeCacheSize=
#   JVM is running with Unscaled Compressed Oops mode in which the Java heap is
#     placed in the first 4GB address space. The Java Heap base address is the
#     maximum limit for the native heap growth. Please use -XX:HeapBaseMinAddress
#     to set the Java Heap base and to place the Java Heap above 4GB virtual address.
# This output file may be truncated or incomplete.
#
#  Out of Memory Error (memory/allocation.inline.hpp:63), pid=8872, tid=708
#
# JRE version:  (10.0.1+10) (build )
# Java VM: Java HotSpot(TM) 64-Bit Server VM (10.0.1+10, mixed mode, aot, tiered, compressed oops, g1 gc, windows-amd64)
# No core dump will be written. Minidumps are not enabled by default on client versions of Windows
#

---------------  S U M M A R Y ------------

Command Line: -Dfile.encoding=GBK Lab1.Main

Host: Intel(R) Core(TM) i5-8250U CPU @ 1.60GHz, 8 cores, 7G,  Windows 10 , 64 bit Build 17134 (10.0.17134.706)
Time: Sun Apr 28 20:13:59 2019 ?D1ú±ê×?ê±?? elapsed time: 0 seconds (0d 0h 0m 0s)

---------------  T H R E A D  ---------------

Current thread (0x000001c2fec98000):  JavaThread "Unknown thread" [_thread_in_vm, id=708, stack(0x0000007534800000,0x0000007534900000)]

Stack: [0x0000007534800000,0x0000007534900000]
Native frames: (J=compiled Java code, j=interpreted, Vv=VM code, C=native code)
V  [jvm.dll+0x5a0369]
V  [jvm.dll+0x6bcf81]
V  [jvm.dll+0x6be176]
V  [jvm.dll+0x6be803]
V  [jvm.dll+0x234998]
V  [jvm.dll+0x21b2a6]
V  [jvm.dll+0x2c078e]
V  [jvm.dll+0x69d32b]
V  [jvm.dll+0x69eb5c]
V  [jvm.dll+0x351849]
V  [jvm.dll+0x6859c2]
V  [jvm.dll+0x3ba0a3]
V  [jvm.dll+0x3bc201]
C  [javaw.exe+0x3541]
C  [javaw.exe+0xe1cf]
C  [javaw.exe+0xe376]
C  [KERNEL32.DLL+0x14034]
C  [ntdll.dll+0x73691]


---------------  P R O C E S S  ---------------

Threads class SMR info:
_java_thread_list=0x000001c2feb9ef20, length=0, elements={
}

Java Threads: ( => current thread )

Other Threads:

[error occurred during error reporting (printing all threads), id 0xe0000001]

VM state:not at safepoint (not fully initialized)

VM Mutex/Monitor currently owned by a thread: None


[error occurred during error reporting (printing compressed oops mode), id 0xe0000001]

GC Heap History (0 events):
No events

Deoptimization events (0 events):
No events

Classes redefined (0 events):
No events

Internal exceptions (0 events):
No events

Events (0 events):
No events


Dynamic libraries:
0x00007ff6e17b0000 - 0x00007ff6e17ee000 	C:\Program Files\Java\jre-10.0.1\bin\javaw.exe
0x00007ffc621d0000 - 0x00007ffc623b1000 	C:\WINDOWS\SYSTEM32\ntdll.dll
0x00007ffc60130000 - 0x00007ffc601e1000 	C:\WINDOWS\System32\KERNEL32.DLL
0x00007ffc5e8e0000 - 0x00007ffc5eb53000 	C:\WINDOWS\System32\KERNELBASE.dll
0x00007ffc609c0000 - 0x00007ffc60a61000 	C:\WINDOWS\System32\ADVAPI32.dll
0x00007ffc62100000 - 0x00007ffc6219e000 	C:\WINDOWS\System32\msvcrt.dll
0x00007ffc60b00000 - 0x00007ffc60b5b000 	C:\WINDOWS\System32\sechost.dll
0x00007ffc60890000 - 0x00007ffc609b4000 	C:\WINDOWS\System32\RPCRT4.dll
0x00007ffc5ffa0000 - 0x00007ffc60130000 	C:\WINDOWS\System32\USER32.dll
0x00007ffc5ec90000 - 0x00007ffc5ecb0000 	C:\WINDOWS\System32\win32u.dll
0x00007ffc60a70000 - 0x00007ffc60a98000 	C:\WINDOWS\System32\GDI32.dll
0x00007ffc5f4c0000 - 0x00007ffc5f652000 	C:\WINDOWS\System32\gdi32full.dll
0x00007ffc5e650000 - 0x00007ffc5e6ef000 	C:\WINDOWS\System32\msvcp_win.dll
0x00007ffc5f3c0000 - 0x00007ffc5f4b8000 	C:\WINDOWS\System32\ucrtbase.dll
0x00007ffc4fe20000 - 0x00007ffc50089000 	C:\WINDOWS\WinSxS\amd64_microsoft.windows.common-controls_6595b64144ccf1df_6.0.17134.706_none_fb43a2cb30647007\COMCTL32.dll
0x00007ffc5f720000 - 0x00007ffc5fa42000 	C:\WINDOWS\System32\combase.dll
0x00007ffc5ec10000 - 0x00007ffc5ec8a000 	C:\WINDOWS\System32\bcryptPrimitives.dll
0x00007ffc539b0000 - 0x00007ffc539ba000 	C:\WINDOWS\SYSTEM32\VERSION.dll
0x00007ffc5f6f0000 - 0x00007ffc5f71d000 	C:\WINDOWS\System32\IMM32.DLL
0x00007ffc225a0000 - 0x00007ffc2268f000 	C:\Program Files\Java\jre-10.0.1\bin\msvcr120.dll
0x00007ffc1dd50000 - 0x00007ffc1ddf6000 	C:\Program Files\Java\jre-10.0.1\bin\msvcp120.dll
0x0000000057de0000 - 0x0000000058850000 	C:\Program Files\Java\jre-10.0.1\bin\server\jvm.dll
0x00007ffc60c10000 - 0x00007ffc60c18000 	C:\WINDOWS\System32\PSAPI.DLL
0x00007ffc3e250000 - 0x00007ffc3e259000 	C:\WINDOWS\SYSTEM32\WSOCK32.dll
0x00007ffc5b0e0000 - 0x00007ffc5b103000 	C:\WINDOWS\SYSTEM32\WINMM.dll
0x00007ffc5fab0000 - 0x00007ffc5fb1c000 	C:\WINDOWS\System32\WS2_32.dll
0x00007ffc5b0b0000 - 0x00007ffc5b0da000 	C:\WINDOWS\SYSTEM32\WINMMBASE.dll
0x00007ffc5ebc0000 - 0x00007ffc5ec09000 	C:\WINDOWS\System32\cfgmgr32.dll
0x00007ffc51e90000 - 0x00007ffc51e9f000 	C:\Program Files\Java\jre-10.0.1\bin\verify.dll
0x00007ffc553d0000 - 0x00007ffc55599000 	C:\WINDOWS\SYSTEM32\DBGHELP.DLL
0x00007ffc57d90000 - 0x00007ffc57db9000 	C:\WINDOWS\SYSTEM32\dbgcore.DLL
0x00007ffc260f0000 - 0x00007ffc26117000 	C:\Program Files\Java\jre-10.0.1\bin\java.dll
0x00007ffc378e0000 - 0x00007ffc378f6000 	C:\Program Files\Java\jre-10.0.1\bin\zip.dll
0x00007ffc51d10000 - 0x00007ffc51d1a000 	C:\Program Files\Java\jre-10.0.1\bin\jimage.dll

dbghelp: loaded successfully - version: 4.0.5 - missing functions: none
symbol engine: initialized successfully - sym options: 0x614 - pdb path: .;C:\Program Files\Java\jre-10.0.1\bin;C:\WINDOWS\SYSTEM32;C:\WINDOWS\WinSxS\amd64_microsoft.windows.common-controls_6595b64144ccf1df_6.0.17134.706_none_fb43a2cb30647007;C:\Program Files\Java\jre-10.0.1\bin\server

VM Arguments:
jvm_args: -Dfile.encoding=GBK 
java_command: Lab1.Main
java_class_path (initial): C:\Users\ts745\Desktop\LifeGame-ts1\bin;C:\Users\ts745\Desktop\学习\软件工程实验\lifegame2\bin
Launcher Type: SUN_STANDARD

Logging:
Log output configuration:
#0: stdout all=warning uptime,level,tags
#1: stderr all=off uptime,level,tags

Environment Variables:
JAVA_HOME=C:\Program Files\Java\jdk-10.0.1
CLASSPATH=.;C:\Program Files\Java\jdk-10.0.1\lib;C:\Program Files\OpenNI\Bin64\org.OpenNI.jar;C:\PCL 1.6.0\bin;C:\PCL 1.6.0\3rdParty\FLANN\bin;C:\PCL 1.6.0\3rdParty\Qhull\bin;C:\PCL 1.6.0\3rdParty\OpenNI2\Tools;C:\PCL 1.6.0\3rdParty\VTK\bin;
PATH=C:\Program Files (x86)\Common Files\Oracle\Java\javapath;C:\Program Files (x86)\Intel\iCLS Client\;C:\Program Files\Intel\iCLS Client\;C:\Windows\system32;C:\Windows;C:\Windows\System32\Wbem;C:\Windows\System32\WindowsPowerShell\v1.0\;C:\Program Files (x86)\Intel\Intel(R) Management Engine Components\DAL;C:\Program Files\Intel\Intel(R) Management Engine Components\DAL;C:\Program Files (x86)\Intel\Intel(R) Management Engine Components\IPT;C:\Program Files\Intel\Intel(R) Management Engine Components\IPT;C:\Program Files\Intel\WiFi\bin\;C:\Program Files\Common Files\Intel\WirelessCommon\;C:\WINDOWS\system32;C:\WINDOWS;C:\WINDOWS\System32\Wbem;C:\WINDOWS\System32\WindowsPowerShell\v1.0\;C:\Program Files\Java\jdk-10.0.1\bin;C:\Program Files (x86)\Microsoft VS Code\bin;C:\Program Files\Git\cmd;C:\WINDOWS\System32\OpenSSH\;C:\Program Files\nodejs\;C:\Program Files (x86)\nodejs\node_globalnpm;C:\Program Files\Microsoft SQL Server\Client SDK\ODBC\110\Tools\Binn\;C:\Program Files (x86)\Microsoft SQL Server\120\Tools\Binn\;C:\Program Files\Microsoft SQL Server\120\Tools\Binn\;C:\Program Files\Microsoft SQL Server\120\DTS\Binn\;C:\Program Files (x86)\Windows Kits\8.1\Windows Performance Toolkit\;C:\Program Files\OpenNI\Bin64;C:\Program Files\PCL 1.8.1\bin;C:\Program Files\PCL 1.8.1\3rdParty\FLANN\bin;C:\Program Files\PCL 1.8.1\3rdParty\VTK\bin;C:\Program Files\PCL 1.8.1\Qhull\bin;C:\Program Files\PCL 1.8.1\3rdParty\OpenNI2\Tools;C:\Program Files\PCL 1.8.1\3rdParty\OpenNI2\Tools;C:\Program Files\Common Files\Autodesk Shared\;C:\Program Files (x86)\Autodesk\Backburner\;F:\masm\masm615;C:\Users\ts745\AppData\Local\Microsoft\WindowsApps;C:\Program Files (x86)\Microsoft VS Code\bin;C:\Users\ts745\AppData\Local\GitHubDesktop\bin;C:\Users\ts745\AppData\Local\Microsoft\WindowsApps;C:\Program Files (x86)\nodejs\node_global;C:\Users\ts745\AppData\Roaming\npm;C:\Program Files\CMake\bin
USERNAME=ts745
OS=Windows_NT
PROCESSOR_IDENTIFIER=Intel64 Family 6 Model 142 Stepping 10, GenuineIntel



---------------  S Y S T E M  ---------------

OS: Windows 10 , 64 bit Build 17134 (10.0.17134.706)

CPU:total 8 (initial active 8) (4 cores per cpu, 2 threads per core) family 6 model 142 stepping 10, cmov, cx8, fxsr, mmx, sse, sse2, sse3, ssse3, sse4.1, sse4.2, popcnt, avx, avx2, aes, clmul, erms, 3dnowpref, lzcnt, ht, tsc, tscinvbit, bmi1, bmi2, adx, fma

Memory: 4k page, physical 8269924k(3090844k free), swap 10367076k(5632k free)

vm_info: Java HotSpot(TM) 64-Bit Server VM (10.0.1+10) for windows-amd64 JRE (10.0.1+10), built on Mar 27 2018 02:27:48 by "mach5one" with MS VC++ 12.0 (VS2013)

END.
